[debug] [2025-05-05T08:13:28.534Z] ----------------------------------------------------------------------
[debug] [2025-05-05T08:13:28.536Z] Command:       /Users/al-husseinabdullah/.nvm/versions/node/v20.18.3/bin/node /Users/al-husseinabdullah/.nvm/versions/node/v20.18.3/bin/firebase deploy
[debug] [2025-05-05T08:13:28.536Z] CLI Version:   14.2.2
[debug] [2025-05-05T08:13:28.536Z] Platform:      darwin
[debug] [2025-05-05T08:13:28.536Z] Node Version:  v20.18.3
[debug] [2025-05-05T08:13:28.536Z] Time:          Mon May 05 2025 11:13:28 GMT+0300 (GMT+03:00)
[debug] [2025-05-05T08:13:28.536Z] ----------------------------------------------------------------------
[debug] 
[debug] [2025-05-05T08:13:28.631Z] > command requires scopes: ["email","openid","https://www.googleapis.com/auth/cloudplatformprojects.readonly","https://www.googleapis.com/auth/firebase","https://www.googleapis.com/auth/cloud-platform"]
[debug] [2025-05-05T08:13:28.631Z] > authorizing via signed-in user (al-hussein@papayatrading.com)
[debug] [2025-05-05T08:13:28.631Z] [iam] checking project gixat4wk for permissions ["firebase.projects.get","firebasehosting.sites.update"]
[debug] [2025-05-05T08:13:28.632Z] Checked if tokens are valid: false, expires at: 1746422795297
[debug] [2025-05-05T08:13:28.632Z] Checked if tokens are valid: false, expires at: 1746422795297
[debug] [2025-05-05T08:13:28.632Z] > refreshing access token with scopes: []
[debug] [2025-05-05T08:13:28.633Z] >>> [apiv2][query] POST https://www.googleapis.com/oauth2/v3/token [none]
[debug] [2025-05-05T08:13:28.633Z] >>> [apiv2][body] POST https://www.googleapis.com/oauth2/v3/token [omitted]
[debug] [2025-05-05T08:13:28.947Z] <<< [apiv2][status] POST https://www.googleapis.com/oauth2/v3/token 200
[debug] [2025-05-05T08:13:28.947Z] <<< [apiv2][body] POST https://www.googleapis.com/oauth2/v3/token [omitted]
[debug] [2025-05-05T08:13:28.960Z] >>> [apiv2][query] POST https://cloudresourcemanager.googleapis.com/v1/projects/gixat4wk:testIamPermissions [none]
[debug] [2025-05-05T08:13:28.960Z] >>> [apiv2][(partial)header] POST https://cloudresourcemanager.googleapis.com/v1/projects/gixat4wk:testIamPermissions x-goog-quota-user=projects/gixat4wk
[debug] [2025-05-05T08:13:28.960Z] >>> [apiv2][body] POST https://cloudresourcemanager.googleapis.com/v1/projects/gixat4wk:testIamPermissions {"permissions":["firebase.projects.get","firebasehosting.sites.update"]}
[debug] [2025-05-05T08:13:29.385Z] <<< [apiv2][status] POST https://cloudresourcemanager.googleapis.com/v1/projects/gixat4wk:testIamPermissions 200
[debug] [2025-05-05T08:13:29.385Z] <<< [apiv2][body] POST https://cloudresourcemanager.googleapis.com/v1/projects/gixat4wk:testIamPermissions {"permissions":["firebase.projects.get","firebasehosting.sites.update"]}
[debug] [2025-05-05T08:13:29.386Z] Checked if tokens are valid: true, expires at: 1746436407947
[debug] [2025-05-05T08:13:29.386Z] Checked if tokens are valid: true, expires at: 1746436407947
[debug] [2025-05-05T08:13:29.386Z] >>> [apiv2][query] GET https://firebase.googleapis.com/v1beta1/projects/gixat4wk [none]
[debug] [2025-05-05T08:13:29.859Z] <<< [apiv2][status] GET https://firebase.googleapis.com/v1beta1/projects/gixat4wk 200
[debug] [2025-05-05T08:13:29.859Z] <<< [apiv2][body] GET https://firebase.googleapis.com/v1beta1/projects/gixat4wk {"projectId":"gixat4wk","projectNumber":"33441701161","displayName":"gixat4wk","name":"projects/gixat4wk","resources":{"hostingSite":"gixat4wk"},"state":"ACTIVE","etag":"1_9b954e85-c171-42ef-bb01-89fe460e29e8"}
[debug] [2025-05-05T08:13:30.661Z] Checked if tokens are valid: true, expires at: 1746436407947
[debug] [2025-05-05T08:13:30.661Z] Checked if tokens are valid: true, expires at: 1746436407947
[debug] [2025-05-05T08:13:30.661Z] >>> [apiv2][query] GET https://firebasehosting.googleapis.com/v1beta1/projects/gixat4wk/sites pageToken=&pageSize=10
[debug] [2025-05-05T08:13:31.876Z] <<< [apiv2][status] GET https://firebasehosting.googleapis.com/v1beta1/projects/gixat4wk/sites 200
[debug] [2025-05-05T08:13:31.877Z] <<< [apiv2][body] GET https://firebasehosting.googleapis.com/v1beta1/projects/gixat4wk/sites {"sites":[{"name":"projects/gixat4wk/sites/gixat4wk","defaultUrl":"https://gixat4wk.web.app","appId":"1:33441701161:web:1a5a0eed348ff07c396b38","type":"DEFAULT_SITE"}]}
[debug] [2025-05-05T08:13:31.877Z] Checked if tokens are valid: true, expires at: 1746436407947
[debug] [2025-05-05T08:13:31.878Z] Checked if tokens are valid: true, expires at: 1746436407947
[debug] [2025-05-05T08:13:31.878Z] >>> [apiv2][query] GET https://firebase.googleapis.com/v1beta1/projects/-/webApps/1:33441701161:web:1a5a0eed348ff07c396b38/config [none]
[debug] [2025-05-05T08:13:33.730Z] <<< [apiv2][status] GET https://firebase.googleapis.com/v1beta1/projects/-/webApps/1:33441701161:web:1a5a0eed348ff07c396b38/config 200
[debug] [2025-05-05T08:13:33.731Z] <<< [apiv2][body] GET https://firebase.googleapis.com/v1beta1/projects/-/webApps/1:33441701161:web:1a5a0eed348ff07c396b38/config {"projectId":"gixat4wk","appId":"1:33441701161:web:1a5a0eed348ff07c396b38","storageBucket":"gixat4wk.firebasestorage.app","apiKey":"AIzaSyCzMPJDMtajWyGxYOtP_zH4ra4itpWAtu8","authDomain":"gixat4wk.firebaseapp.com","messagingSenderId":"33441701161","measurementId":"G-JVVBDFWM4D"}
[info] 
   Thank you for trying our early preview of Next.js support on Firebase Hosting.
   During the preview, support is best-effort and breaking changes can be expected. Proceed with caution.
   The integration is known to work with Next.js version 12 - 15.0. You may encounter errors.

   Documentation: https://firebase.google.com/docs/hosting/frameworks/nextjs
   File a bug: https://github.com/firebase/firebase-tools/issues/new?template=bug_report.md
   Submit a feature request: https://github.com/firebase/firebase-tools/issues/new?template=feature_request.md

   We'd love to learn from you. Express your interest in helping us shape the future of Firebase Hosting: https://goo.gle/41enW5X

[debug] [2025-05-05T08:13:35.372Z] Checked if tokens are valid: true, expires at: 1746436407947
[debug] [2025-05-05T08:13:35.372Z] Checked if tokens are valid: true, expires at: 1746436407947
[debug] [2025-05-05T08:13:35.372Z] >>> [apiv2][query] GET https://firebasehosting.googleapis.com/v1beta1/projects/gixat4wk/sites/gixat4wk [none]
[debug] [2025-05-05T08:13:35.760Z] <<< [apiv2][status] GET https://firebasehosting.googleapis.com/v1beta1/projects/gixat4wk/sites/gixat4wk 200
[debug] [2025-05-05T08:13:35.761Z] <<< [apiv2][body] GET https://firebasehosting.googleapis.com/v1beta1/projects/gixat4wk/sites/gixat4wk {"name":"projects/gixat4wk/sites/gixat4wk","defaultUrl":"https://gixat4wk.web.app","appId":"1:33441701161:web:1a5a0eed348ff07c396b38","type":"DEFAULT_SITE"}
[info]    ▲ Next.js 15.3.1

[info]    - Environments: .env.local, .env


[info]    Creating an optimized production build ...

[info]  ✓ Compiled successfully in 2000ms

[info]    Linting and checking validity of types ...

[info] 
Failed to compile.

./src/app/report/[id]/page.tsx
227:9  Error: 'RequestList' is assigned a value but never used.  @typescript-eslint/no-unused-vars

info  - Need to disable some ESLint rules? Learn more here: https://nextjs.org/docs/app/api-reference/config/eslint#disabling-rules

[debug] [2025-05-05T08:13:41.324Z] Error: ENOENT: no such file or directory, open '/Users/al-husseinabdullah/Desktop/4wk/4wk/.next/export-marker.json'
[error] 
[error] Error: An unexpected error has occurred.
